<?xml version="1.0" encoding="UTF-8"?>
<!-- Generated by org.testng.reporters.JUnitReportReporter -->
<testsuite hostname="PC_KANHAIYA" failures="0" tests="7" name="com.qa.opencart.tests.AccountsPageTest" time="2.505" errors="0" timestamp="05 Jun 2025 08:05:02 GMT" skipped="0">
  <testcase classname="com.qa.opencart.tests.AccountsPageTest" name="accPageHeadersTest" time="0.107"/>
  <testcase classname="com.qa.opencart.tests.AccountsPageTest" name="accPageTitleTest" time="0.020"/>
  <testcase classname="com.qa.opencart.tests.AccountsPageTest" name="logoutLinkExistTest" time="0.036"/>
  <testcase classname="com.qa.opencart.tests.AccountsPageTest" name="searchTest" time="0.595"/>
  <testcase classname="com.qa.opencart.tests.AccountsPageTest" name="searchTest" time="0.602"/>
  <testcase classname="com.qa.opencart.tests.AccountsPageTest" name="searchTest" time="0.540"/>
  <testcase classname="com.qa.opencart.tests.AccountsPageTest" name="accPageHeadersCountTest" time="0.605"/>
</testsuite> <!-- com.qa.opencart.tests.AccountsPageTest -->
